0 info it worked if it ends with ok
1 verbose cli [ '/usr/local/bin/iojs',
1 verbose cli   '/usr/local/bin/npm',
1 verbose cli   'install',
1 verbose cli   '-g',
1 verbose cli   'ios-deploy' ]
2 info using npm@2.13.3
3 info using node@v3.3.0
4 verbose install initial load of /usr/local/lib/package.json
5 verbose readDependencies loading dependencies from /usr/local/lib/package.json
6 silly cache add args [ 'ios-deploy', null ]
7 verbose cache add spec ios-deploy
8 silly cache add parsed spec Result {
8 silly cache add   raw: 'ios-deploy',
8 silly cache add   scope: null,
8 silly cache add   name: 'ios-deploy',
8 silly cache add   rawSpec: '',
8 silly cache add   spec: '*',
8 silly cache add   type: 'range' }
9 silly addNamed ios-deploy@*
10 verbose addNamed "*" is a valid semver range for ios-deploy
11 silly addNameRange { name: 'ios-deploy', range: '*', hasData: false }
12 silly mapToRegistry name ios-deploy
13 silly mapToRegistry using default registry
14 silly mapToRegistry registry https://registry.npmjs.org/
15 silly mapToRegistry uri https://registry.npmjs.org/ios-deploy
16 verbose addNameRange registry:https://registry.npmjs.org/ios-deploy not in flight; fetching
17 verbose request uri https://registry.npmjs.org/ios-deploy
18 verbose request no auth needed
19 info attempt registry request try #1 at 4:09:10 PM
20 verbose request id bf68f374e8f372c2
21 verbose etag "5ALDUQ1GLDBEYMDJK8RUMV18V"
22 http request GET https://registry.npmjs.org/ios-deploy
23 http 304 https://registry.npmjs.org/ios-deploy
24 silly get cb [ 304,
24 silly get   { date: 'Sat, 21 May 2016 20:09:11 GMT',
24 silly get     via: '1.1 varnish',
24 silly get     'cache-control': 'max-age=300',
24 silly get     etag: '"5ALDUQ1GLDBEYMDJK8RUMV18V"',
24 silly get     age: '0',
24 silly get     connection: 'keep-alive',
24 silly get     'x-served-by': 'cache-jfk1031-JFK',
24 silly get     'x-cache': 'HIT',
24 silly get     'x-cache-hits': '1',
24 silly get     'x-timer': 'S1463861351.041724,VS0,VE399',
24 silly get     vary: 'Accept-Encoding' } ]
25 verbose etag https://registry.npmjs.org/ios-deploy from cache
26 verbose get saving ios-deploy to /Users/imee/.npm/registry.npmjs.org/ios-deploy/.cache.json
27 silly addNameRange number 2 { name: 'ios-deploy', range: '*', hasData: true }
28 silly addNameRange versions [ 'ios-deploy',
28 silly addNameRange   [ '1.0.1',
28 silly addNameRange     '1.0.2',
28 silly addNameRange     '1.0.3',
28 silly addNameRange     '1.0.4',
28 silly addNameRange     '1.0.5',
28 silly addNameRange     '1.0.6',
28 silly addNameRange     '1.0.7',
28 silly addNameRange     '1.0.8',
28 silly addNameRange     '1.0.9',
28 silly addNameRange     '1.1.0',
28 silly addNameRange     '1.2.0',
28 silly addNameRange     '1.3.0',
28 silly addNameRange     '1.3.1',
28 silly addNameRange     '1.3.2',
28 silly addNameRange     '1.4.0',
28 silly addNameRange     '1.5.0',
28 silly addNameRange     '1.6.0',
28 silly addNameRange     '1.6.1',
28 silly addNameRange     '1.6.2',
28 silly addNameRange     '1.6.3',
28 silly addNameRange     '1.7.0',
28 silly addNameRange     '1.8.0',
28 silly addNameRange     '1.8.1',
28 silly addNameRange     '1.8.2',
28 silly addNameRange     '1.8.3',
28 silly addNameRange     '1.8.4',
28 silly addNameRange     '1.8.5',
28 silly addNameRange     '1.8.6' ] ]
29 silly addNamed ios-deploy@1.8.6
30 verbose addNamed "1.8.6" is a plain semver version for ios-deploy
31 silly cache afterAdd ios-deploy@1.8.6
32 verbose afterAdd /Users/imee/.npm/ios-deploy/1.8.6/package/package.json not in flight; writing
33 verbose afterAdd /Users/imee/.npm/ios-deploy/1.8.6/package/package.json written
34 silly install resolved [ { name: 'ios-deploy',
34 silly install resolved     version: '1.8.6',
34 silly install resolved     os: [ 'darwin' ],
34 silly install resolved     description: 'launch iOS apps iOS devices from the command line (Xcode 7)',
34 silly install resolved     main: 'ios-deploy',
34 silly install resolved     scripts:
34 silly install resolved      { preinstall: './src/scripts/check_reqs.js && xcodebuild',
34 silly install resolved        test: 'npm run pycompile && npm run jshint && xcodebuild -target ios-deploy-lib && xcodebuild test -scheme ios-deploy-tests',
34 silly install resolved        jshint: 'node node_modules/jshint/bin/jshint src/scripts/*.js',
34 silly install resolved        pycompile: 'python -m py_compile src/scripts/*.py' },
34 silly install resolved     bin: { 'ios-deploy': './build/Release/ios-deploy' },
34 silly install resolved     repository:
34 silly install resolved      { type: 'git',
34 silly install resolved        url: 'git+https://github.com/phonegap/ios-deploy.git' },
34 silly install resolved     devDependencies: { jshint: '2.5.8' },
34 silly install resolved     keywords: [ 'ios-deploy', 'deploy to iOS device' ],
34 silly install resolved     bugs: { url: 'https://github.com/phonegap/ios-deploy/issues' },
34 silly install resolved     author: { name: 'Greg Hughes' },
34 silly install resolved     license: 'GPLv3',
34 silly install resolved     gitHead: 'd7cccae1ade60378ce1134f496b68eeac53eb860',
34 silly install resolved     homepage: 'https://github.com/phonegap/ios-deploy#readme',
34 silly install resolved     _id: 'ios-deploy@1.8.6',
34 silly install resolved     _shasum: 'abb0b5132e7e6c89d1f521ba7c81c44eec54d4f5',
34 silly install resolved     _from: 'ios-deploy@*',
34 silly install resolved     _npmVersion: '2.14.7',
34 silly install resolved     _nodeVersion: '4.2.2',
34 silly install resolved     _npmUser: { name: 'shazron', email: 'shazron@gmail.com' },
34 silly install resolved     maintainers: [ [Object], [Object], [Object] ],
34 silly install resolved     dist:
34 silly install resolved      { shasum: 'abb0b5132e7e6c89d1f521ba7c81c44eec54d4f5',
34 silly install resolved        tarball: 'https://registry.npmjs.org/ios-deploy/-/ios-deploy-1.8.6.tgz' },
34 silly install resolved     _npmOperationalInternal:
34 silly install resolved      { host: 'packages-16-east.internal.npmjs.com',
34 silly install resolved        tmp: 'tmp/ios-deploy-1.8.6.tgz_1460409336359_0.34613347332924604' },
34 silly install resolved     directories: {},
34 silly install resolved     _resolved: 'https://registry.npmjs.org/ios-deploy/-/ios-deploy-1.8.6.tgz',
34 silly install resolved     readme: 'ERROR: No README data found!' } ]
35 info install ios-deploy@1.8.6 into /usr/local/lib
36 info installOne ios-deploy@1.8.6
37 verbose installOne of ios-deploy to /usr/local/lib not in flight; installing
38 verbose lock using /Users/imee/.npm/_locks/ios-deploy-198957223cd98201.lock for /usr/local/lib/node_modules/ios-deploy
39 silly install write writing ios-deploy 1.8.6 to /usr/local/lib/node_modules/ios-deploy
40 verbose unbuild lib/node_modules/ios-deploy
41 info preuninstall ios-deploy@1.7.0
42 info uninstall ios-deploy@1.7.0
43 verbose unbuild rmStuff ios-deploy@1.7.0 from /usr/local/lib/node_modules
44 silly gentlyRm /usr/local/bin/ios-deploy is being gently removed
45 silly gentlyRm verifying /usr/local is an npm working directory
46 silly gentlyRm containing path /usr/local is under npm's control, in /usr/local
47 silly gentlyRm deletion target /usr/local/bin/ios-deploy is under /usr/local
48 verbose gentlyRm vacuuming from /usr/local/bin/ios-deploy up to /usr/local
49 info postuninstall ios-deploy@1.7.0
50 silly gentlyRm /usr/local/lib/node_modules/ios-deploy is being purged from base /usr/local
51 verbose gentlyRm don't care about contents; nuking /usr/local/lib/node_modules/ios-deploy
52 silly vacuum-fs purging /usr/local/lib/node_modules/ios-deploy
53 verbose unlock done using /Users/imee/.npm/_locks/ios-deploy-198957223cd98201.lock for /usr/local/lib/node_modules/ios-deploy
54 verbose stack Error: EACCES: permission denied, unlink '/usr/local/lib/node_modules/ios-deploy/.npmignore'
54 verbose stack     at Error (native)
55 verbose cwd /Users/imee/lincsPrac/moveItMobile
56 error Darwin 15.4.0
57 error argv "/usr/local/bin/iojs" "/usr/local/bin/npm" "install" "-g" "ios-deploy"
58 error node v3.3.0
59 error npm  v2.13.3
60 error path /usr/local/lib/node_modules/ios-deploy/.npmignore
61 error code EACCES
62 error errno -13
63 error syscall unlink
64 error Error: EACCES: permission denied, unlink '/usr/local/lib/node_modules/ios-deploy/.npmignore'
64 error     at Error (native)
64 error  { [Error: EACCES: permission denied, unlink '/usr/local/lib/node_modules/ios-deploy/.npmignore']
64 error   errno: -13,
64 error   code: 'EACCES',
64 error   syscall: 'unlink',
64 error   path: '/usr/local/lib/node_modules/ios-deploy/.npmignore' }
65 error Please try running this command again as root/Administrator.
66 verbose exit [ -13, true ]
67 verbose unbuild lib/node_modules/ios-deploy
68 info preuninstall ios-deploy@1.7.0
69 info uninstall ios-deploy@1.7.0
70 verbose unbuild rmStuff ios-deploy@1.7.0 from /usr/local/lib/node_modules
71 silly gentlyRm /usr/local/bin/ios-deploy is being gently removed
72 silly gentlyRm verifying /usr/local is an npm working directory
73 silly gentlyRm containing path /usr/local is under npm's control, in /usr/local
74 silly gentlyRm deletion target /usr/local/bin/ios-deploy is under /usr/local
75 verbose gentlyRm vacuuming from /usr/local/bin/ios-deploy up to /usr/local
76 info postuninstall ios-deploy@1.7.0
77 silly gentlyRm /usr/local/lib/node_modules/ios-deploy is being purged from base /usr/local
78 verbose gentlyRm don't care about contents; nuking /usr/local/lib/node_modules/ios-deploy
79 silly vacuum-fs purging /usr/local/lib/node_modules/ios-deploy
80 error error rolling back Error: EACCES: permission denied, unlink '/usr/local/lib/node_modules/ios-deploy/.npmignore'
80 error error rolling back     at Error (native)
80 error error rolling back  { [Error: EACCES: permission denied, unlink '/usr/local/lib/node_modules/ios-deploy/.npmignore']
80 error error rolling back   errno: -13,
80 error error rolling back   code: 'EACCES',
80 error error rolling back   syscall: 'unlink',
80 error error rolling back   path: '/usr/local/lib/node_modules/ios-deploy/.npmignore' }
